[debug] ----------------------------------------------------------------------
[debug] Command:      C:\Program Files\nodejs\node.exe C:\Users\nairobis\AppData\Roaming\npm\node_modules\firebase-tools\bin\firebase serve
[debug] CLI Version:  3.0.6
[debug] Platform:     win32
[debug] Node Version: v6.3.0
[debug] Time:         Fri Aug 05 2016 16:40:39 GMT+0200 (Hora de ver. Europa Occidental)
[debug] ----------------------------------------------------------------------
[debug] 
[info] Starting Firebase development server...
[info] 
[info] Project Directory: C:\Projects\firebase\firechat
[info] Public Directory: n
[info] 
[info] Server listening at: http://localhost:5000
[debug] ----------------------------------------------------------------------
[debug] Command:      C:\Program Files\nodejs\node.exe C:\Users\nairobis\AppData\Roaming\npm\node_modules\firebase-tools\bin\firebase serve
[debug] CLI Version:  3.0.6
[debug] Platform:     win32
[debug] Node Version: v6.3.0
[debug] Time:         Fri Aug 05 2016 16:42:24 GMT+0200 (Hora de ver. Europa Occidental)
[debug] ----------------------------------------------------------------------
[debug] 
[info] Starting Firebase development server...
[info] 
[info] Project Directory: C:\Projects\firebase\firechat
[info] Public Directory: n
[info] 
[info] Server listening at: http://localhost:5000
[debug] ----------------------------------------------------------------------
[debug] Command:      C:\Program Files\nodejs\node.exe C:\Users\nairobis\AppData\Roaming\npm\node_modules\firebase-tools\bin\firebase serve
[debug] CLI Version:  3.0.6
[debug] Platform:     win32
[debug] Node Version: v6.3.0
[debug] Time:         Fri Aug 05 2016 17:01:03 GMT+0200 (Hora de ver. Europa Occidental)
[debug] ----------------------------------------------------------------------
[debug] 
[info] Starting Firebase development server...
[info] 
[info] Project Directory: C:\Projects\firebase\firechat
[info] Public Directory: n
[info] 
[info] Server listening at: http://localhost:5000
[debug] ----------------------------------------------------------------------
[debug] Command:      C:\Program Files\nodejs\node.exe C:\Users\nairobis\AppData\Roaming\npm\node_modules\firebase-tools\bin\firebase serve
[debug] CLI Version:  3.0.6
[debug] Platform:     win32
[debug] Node Version: v6.3.0
[debug] Time:         Fri Aug 12 2016 16:43:14 GMT+0200 (Hora de ver. Europa Occidental)
[debug] ----------------------------------------------------------------------
[debug] 
[info] Starting Firebase development server...
[info] 
[info] Project Directory: C:\Projects\firebase\firechat
[info] Public Directory: n
[info] 
[info] Server listening at: http://localhost:5000
[debug] ----------------------------------------------------------------------
[debug] Command:      C:\Program Files\nodejs\node.exe C:\Users\nairobis\AppData\Roaming\npm\node_modules\firebase-tools\bin\firebase serve
[debug] CLI Version:  3.0.7
[debug] Platform:     win32
[debug] Node Version: v6.3.0
[debug] Time:         Fri Aug 12 2016 22:51:15 GMT+0200 (Hora de ver. Europa Occidental)
[debug] ----------------------------------------------------------------------
[debug] 
[info] Starting Firebase development server...
[info] 
[info] Project Directory: C:\Projects\firebase\firechat
[info] Public Directory: n
[info] 
[info] Server listening at: http://localhost:5000
[debug] ----------------------------------------------------------------------
[debug] Command:      C:\Program Files\nodejs\node.exe C:\Users\nairobis\AppData\Roaming\npm\node_modules\firebase-tools\bin\firebase serve
[debug] CLI Version:  3.0.7
[debug] Platform:     win32
[debug] Node Version: v6.3.0
[debug] Time:         Thu Aug 18 2016 16:38:58 GMT+0200 (Hora de ver. Europa Occidental)
[debug] ----------------------------------------------------------------------
[debug] 
[info] Starting Firebase development server...
[info] 
[info] Project Directory: C:\Projects\firebase\firechat
[info] Public Directory: n
[info] 
[info] Server listening at: http://localhost:5000
[debug] ----------------------------------------------------------------------
[debug] Command:      C:\Program Files\nodejs\node.exe C:\Users\nairobis\AppData\Roaming\npm\node_modules\firebase-tools\bin\firebase serve
[debug] CLI Version:  3.0.7
[debug] Platform:     win32
[debug] Node Version: v6.3.0
[debug] Time:         Thu Aug 18 2016 20:25:57 GMT+0200 (Hora de ver. Europa Occidental)
[debug] ----------------------------------------------------------------------
[debug] 
[info] Starting Firebase development server...
[info] 
[info] Project Directory: C:\Projects\firebase\firechat
[info] Public Directory: n
[info] 
[info] Server listening at: http://localhost:5000
[debug] ----------------------------------------------------------------------
[debug] Command:      C:\Program Files\nodejs\node.exe C:\Users\nairobis\AppData\Roaming\npm\node_modules\firebase-tools\bin\firebase serve
[debug] CLI Version:  3.0.7
[debug] Platform:     win32
[debug] Node Version: v6.3.0
[debug] Time:         Fri Aug 19 2016 15:51:47 GMT+0200 (Hora de ver. Europa Occidental)
[debug] ----------------------------------------------------------------------
[debug] 
[info] Starting Firebase development server...
[info] 
[info] Project Directory: C:\Projects\firebase\firechat
[info] Public Directory: n
[info] 
[info] Server listening at: http://localhost:5000
[debug] ----------------------------------------------------------------------
[debug] Command:      C:\Program Files\nodejs\node.exe C:\Users\nairobis\AppData\Roaming\npm\node_modules\firebase-tools\bin\firebase serve
[debug] CLI Version:  3.0.7
[debug] Platform:     win32
[debug] Node Version: v6.3.0
[debug] Time:         Tue Aug 23 2016 02:27:31 GMT+0200 (Hora de ver. Europa Occidental)
[debug] ----------------------------------------------------------------------
[debug] 
[info] Starting Firebase development server...
[info] 
[info] Project Directory: C:\Projects\firebase\firechat
[info] Public Directory: n
[info] 
[info] Server listening at: http://localhost:5000
[debug] ----------------------------------------------------------------------
[debug] Command:      C:\Program Files\nodejs\node.exe C:\Users\nairobis\AppData\Roaming\npm\node_modules\firebase-tools\bin\firebase serve
[debug] CLI Version:  3.0.7
[debug] Platform:     win32
[debug] Node Version: v6.3.0
[debug] Time:         Tue Aug 23 2016 15:58:45 GMT+0200 (Hora de ver. Europa Occidental)
[debug] ----------------------------------------------------------------------
[debug] 
[info] Starting Firebase development server...
[info] 
[info] Project Directory: C:\Projects\firebase\firechat
[info] Public Directory: n
[info] 
[info] Server listening at: http://localhost:5000
[debug] ----------------------------------------------------------------------
[debug] Command:      C:\Program Files\nodejs\node.exe C:\Users\Jose Cedeño\AppData\Roaming\npm\node_modules\firebase-tools\bin\firebase serve
[debug] CLI Version:  3.0.7
[debug] Platform:     win32
[debug] Node Version: v6.4.0
[debug] Time:         Mon Aug 29 2016 22:50:30 GMT+0200 (Hora de verano romance)
[debug] ----------------------------------------------------------------------
[debug] 
[info] Starting Firebase development server...
[info] 
[info] Project Directory: C:\Projects\firebase\firechat
[info] Public Directory: n
[info] 
[info] Server listening at: http://localhost:5000
[debug] ----------------------------------------------------------------------
[debug] Command:      C:\Program Files\nodejs\node.exe C:\Users\Jose Cedeño\AppData\Roaming\npm\node_modules\firebase-tools\bin\firebase serve
[debug] CLI Version:  3.0.7
[debug] Platform:     win32
[debug] Node Version: v6.4.0
[debug] Time:         Wed Aug 31 2016 16:10:04 GMT+0200 (Hora de verano romance)
[debug] ----------------------------------------------------------------------
[debug] 
[info] Starting Firebase development server...
[info] 
[info] Project Directory: C:\Projects\firebase\firechat
[info] Public Directory: n
[info] 
[info] Server listening at: http://localhost:5000
[debug] ----------------------------------------------------------------------
[debug] Command:      C:\Program Files\nodejs\node.exe C:\Users\Jose Cedeño\AppData\Roaming\npm\node_modules\firebase-tools\bin\firebase serve
[debug] CLI Version:  3.0.7
[debug] Platform:     win32
[debug] Node Version: v6.4.0
[debug] Time:         Fri Sep 02 2016 02:13:34 GMT+0200 (Hora de verano romance)
[debug] ----------------------------------------------------------------------
[debug] 
[info] Starting Firebase development server...
[info] 
[info] Project Directory: C:\Projects\firebase\firechat
[info] Public Directory: n
[info] 
[info] Server listening at: http://localhost:5000
[debug] Error: EPERM: operation not permitted, rename 'C:\Users\Jose Cedeño\.config\configstore\firebase-tools.json.936359923' -> 'C:\Users\Jose Cedeño\.config\configstore\firebase-tools.json'
    at Error (native)
    at Object.fs.renameSync (fs.js:809:18)
    at Function.writeFileSync [as sync] (C:\Users\Jose Cedeño\AppData\Roaming\npm\node_modules\firebase-tools\node_modules\write-file-atomic\index.js:81:8)
    at Object.create.all.set (C:\Users\Jose Cedeño\AppData\Roaming\npm\node_modules\firebase-tools\node_modules\configstore\index.js:62:21)
    at Object.Configstore.set (C:\Users\Jose Cedeño\AppData\Roaming\npm\node_modules\firebase-tools\node_modules\configstore\index.js:93:11)
    at Request._callback (C:\Users\Jose Cedeño\AppData\Roaming\npm\node_modules\firebase-tools\lib\fetchMOTD.js:51:19)
    at Request.self.callback (C:\Users\Jose Cedeño\AppData\Roaming\npm\node_modules\firebase-tools\node_modules\request\request.js:187:22)
    at emitTwo (events.js:106:13)
    at Request.emit (events.js:191:7)
    at Request.<anonymous> (C:\Users\Jose Cedeño\AppData\Roaming\npm\node_modules\firebase-tools\node_modules\request\request.js:1044:10)
[error] 
[error] Error: An unexpected error has occurred.
[debug] ----------------------------------------------------------------------
[debug] Command:      C:\Program Files\nodejs\node.exe C:\Users\Jose Cedeño\AppData\Roaming\npm\node_modules\firebase-tools\bin\firebase serve
[debug] CLI Version:  3.0.7
[debug] Platform:     win32
[debug] Node Version: v6.4.0
[debug] Time:         Fri Sep 02 2016 02:21:25 GMT+0200 (Hora de verano romance)
[debug] ----------------------------------------------------------------------
[debug] 
[info] Starting Firebase development server...
[info] 
[info] Project Directory: C:\Projects\firebase\firechat
[info] Public Directory: n
[info] 
[info] Server listening at: http://localhost:5000
[debug] Error: EPERM: operation not permitted, rename 'C:\Users\Jose Cedeño\.config\configstore\firebase-tools.json.3297470838' -> 'C:\Users\Jose Cedeño\.config\configstore\firebase-tools.json'
    at Error (native)
    at Object.fs.renameSync (fs.js:809:18)
    at Function.writeFileSync [as sync] (C:\Users\Jose Cedeño\AppData\Roaming\npm\node_modules\firebase-tools\node_modules\write-file-atomic\index.js:81:8)
    at Object.create.all.set (C:\Users\Jose Cedeño\AppData\Roaming\npm\node_modules\firebase-tools\node_modules\configstore\index.js:62:21)
    at Object.Configstore.set (C:\Users\Jose Cedeño\AppData\Roaming\npm\node_modules\firebase-tools\node_modules\configstore\index.js:93:11)
    at Request._callback (C:\Users\Jose Cedeño\AppData\Roaming\npm\node_modules\firebase-tools\lib\fetchMOTD.js:51:19)
    at Request.self.callback (C:\Users\Jose Cedeño\AppData\Roaming\npm\node_modules\firebase-tools\node_modules\request\request.js:187:22)
    at emitTwo (events.js:106:13)
    at Request.emit (events.js:191:7)
    at Request.<anonymous> (C:\Users\Jose Cedeño\AppData\Roaming\npm\node_modules\firebase-tools\node_modules\request\request.js:1044:10)
[error] 
[error] Error: An unexpected error has occurred.
[debug] ----------------------------------------------------------------------
[debug] Command:      C:\Program Files\nodejs\node.exe C:\Users\Jose Cedeño\AppData\Roaming\npm\node_modules\firebase-tools\bin\firebase serve
[debug] CLI Version:  3.0.7
[debug] Platform:     win32
[debug] Node Version: v6.4.0
[debug] Time:         Fri Sep 02 2016 02:24:33 GMT+0200 (Hora de verano romance)
[debug] ----------------------------------------------------------------------
[debug] 
[info] Starting Firebase development server...
[info] 
[info] Project Directory: C:\Projects\firebase\firechat
[info] Public Directory: n
[info] 
[info] Server listening at: http://localhost:5000
[debug] ----------------------------------------------------------------------
[debug] Command:      C:\Program Files\nodejs\node.exe C:\Users\Jose Cedeño\AppData\Roaming\npm\node_modules\firebase-tools\bin\firebase serve
[debug] CLI Version:  3.0.7
[debug] Platform:     win32
[debug] Node Version: v6.4.0
[debug] Time:         Fri Sep 02 2016 18:23:23 GMT+0200 (Hora de verano romance)
[debug] ----------------------------------------------------------------------
[debug] 
[info] Starting Firebase development server...
[info] 
[info] Project Directory: C:\Projects\firebase\firechat
[info] Public Directory: n
[info] 
[info] Server listening at: http://localhost:5000
[debug] ----------------------------------------------------------------------
[debug] Command:      C:\Program Files\nodejs\node.exe C:\Users\Jose Cedeño\AppData\Roaming\npm\node_modules\firebase-tools\bin\firebase serve
[debug] CLI Version:  3.0.7
[debug] Platform:     win32
[debug] Node Version: v6.4.0
[debug] Time:         Mon Sep 05 2016 16:59:08 GMT+0200 (Hora de verano romance)
[debug] ----------------------------------------------------------------------
[debug] 
[info] Starting Firebase development server...
[info] 
[info] Project Directory: C:\Projects\firebase\firechat
[info] Public Directory: n
[info] 
[info] Server listening at: http://localhost:5000
[debug] Error: EPERM: operation not permitted, rename 'C:\Users\Jose Cedeño\.config\configstore\firebase-tools.json.1518735531' -> 'C:\Users\Jose Cedeño\.config\configstore\firebase-tools.json'
    at Error (native)
    at Object.fs.renameSync (fs.js:809:18)
    at Function.writeFileSync [as sync] (C:\Users\Jose Cedeño\AppData\Roaming\npm\node_modules\firebase-tools\node_modules\write-file-atomic\index.js:81:8)
    at Object.create.all.set (C:\Users\Jose Cedeño\AppData\Roaming\npm\node_modules\firebase-tools\node_modules\configstore\index.js:62:21)
    at Object.Configstore.set (C:\Users\Jose Cedeño\AppData\Roaming\npm\node_modules\firebase-tools\node_modules\configstore\index.js:93:11)
    at Request._callback (C:\Users\Jose Cedeño\AppData\Roaming\npm\node_modules\firebase-tools\lib\fetchMOTD.js:51:19)
    at Request.self.callback (C:\Users\Jose Cedeño\AppData\Roaming\npm\node_modules\firebase-tools\node_modules\request\request.js:187:22)
    at emitTwo (events.js:106:13)
    at Request.emit (events.js:191:7)
    at Request.<anonymous> (C:\Users\Jose Cedeño\AppData\Roaming\npm\node_modules\firebase-tools\node_modules\request\request.js:1044:10)
[error] 
[error] Error: An unexpected error has occurred.
[debug] ----------------------------------------------------------------------
[debug] Command:      C:\Program Files\nodejs\node.exe C:\Users\Jose Cedeño\AppData\Roaming\npm\node_modules\firebase-tools\bin\firebase serve
[debug] CLI Version:  3.0.7
[debug] Platform:     win32
[debug] Node Version: v6.4.0
[debug] Time:         Mon Sep 05 2016 16:59:37 GMT+0200 (Hora de verano romance)
[debug] ----------------------------------------------------------------------
[debug] 
[info] Starting Firebase development server...
[info] 
[info] Project Directory: C:\Projects\firebase\firechat
[info] Public Directory: n
[info] 
[info] Server listening at: http://localhost:5000
[debug] Error: EPERM: operation not permitted, rename 'C:\Users\Jose Cedeño\.config\configstore\firebase-tools.json.2502596305' -> 'C:\Users\Jose Cedeño\.config\configstore\firebase-tools.json'
    at Error (native)
    at Object.fs.renameSync (fs.js:809:18)
    at Function.writeFileSync [as sync] (C:\Users\Jose Cedeño\AppData\Roaming\npm\node_modules\firebase-tools\node_modules\write-file-atomic\index.js:81:8)
    at Object.create.all.set (C:\Users\Jose Cedeño\AppData\Roaming\npm\node_modules\firebase-tools\node_modules\configstore\index.js:62:21)
    at Object.Configstore.set (C:\Users\Jose Cedeño\AppData\Roaming\npm\node_modules\firebase-tools\node_modules\configstore\index.js:93:11)
    at Request._callback (C:\Users\Jose Cedeño\AppData\Roaming\npm\node_modules\firebase-tools\lib\fetchMOTD.js:51:19)
    at Request.self.callback (C:\Users\Jose Cedeño\AppData\Roaming\npm\node_modules\firebase-tools\node_modules\request\request.js:187:22)
    at emitTwo (events.js:106:13)
    at Request.emit (events.js:191:7)
    at Request.<anonymous> (C:\Users\Jose Cedeño\AppData\Roaming\npm\node_modules\firebase-tools\node_modules\request\request.js:1044:10)
[error] 
[error] Error: An unexpected error has occurred.
[debug] ----------------------------------------------------------------------
[debug] Command:      C:\Program Files\nodejs\node.exe C:\Users\Jose Cedeño\AppData\Roaming\npm\node_modules\firebase-tools\bin\firebase serve
[debug] CLI Version:  3.0.7
[debug] Platform:     win32
[debug] Node Version: v6.4.0
[debug] Time:         Mon Sep 05 2016 17:13:05 GMT+0200 (Hora de verano romance)
[debug] ----------------------------------------------------------------------
[debug] 
[info] Starting Firebase development server...
[info] 
[info] Project Directory: C:\Projects\firebase\firechat
[info] Public Directory: n
[info] 
[info] Server listening at: http://localhost:5000
